(SpringJUnit4ClassRunner.java:139) - SpringJUnit4ClassRunner constructor called with [class com.pcwk.ehr.user.dao.UserMapperTest]
(BootstrapUtils.java:108) - Instantiating CacheAwareContextLoaderDelegate from class [org.springframework.test.context.cache.DefaultCacheAwareContextLoaderDelegate]
(BootstrapUtils.java:88) - Instantiating BootstrapContext using constructor [public org.springframework.test.context.support.DefaultBootstrapContext(java.lang.Class,org.springframework.test.context.CacheAwareContextLoaderDelegate)]
(BootstrapUtils.java:143) - Instantiating TestContextBootstrapper for test class [com.pcwk.ehr.user.dao.UserMapperTest] from class [org.springframework.test.context.support.DefaultTestContextBootstrapper]
(AbstractDelegatingSmartContextLoader.java:264) - Delegating to GenericXmlContextLoader to process context configuration [ContextConfigurationAttributes@50b5ac82 declaringClass = 'com.pcwk.ehr.user.dao.UserMapperTest', classes = '{}', locations = '{file:src/main/webapp/WEB-INF/spring/root-context.xml, file:src/main/webapp/WEB-INF/spring/appServlet/servlet-context.xml}', inheritLocations = true, initializers = '{}', inheritInitializers = true, name = [null], contextLoaderClass = 'org.springframework.test.context.ContextLoader'].
(ActiveProfilesUtils.java:80) - Could not find an 'annotation declaring class' for annotation type [org.springframework.test.context.ActiveProfiles] and class [com.pcwk.ehr.user.dao.UserMapperTest]
(AbstractTestContextBootstrapper.java:124) - @TestExecutionListeners is not present for class [com.pcwk.ehr.user.dao.UserMapperTest]: using defaults.
(AbstractTestContextBootstrapper.java:245) - Loaded default TestExecutionListener class names from location [META-INF/spring.factories]: [org.springframework.test.context.web.ServletTestExecutionListener, org.springframework.test.context.support.DirtiesContextBeforeModesTestExecutionListener, org.springframework.test.context.event.ApplicationEventsTestExecutionListener, org.springframework.test.context.support.DependencyInjectionTestExecutionListener, org.springframework.test.context.support.DirtiesContextTestExecutionListener, org.springframework.test.context.transaction.TransactionalTestExecutionListener, org.springframework.test.context.jdbc.SqlScriptsTestExecutionListener, org.springframework.test.context.event.EventPublishingTestExecutionListener]
(AbstractTestContextBootstrapper.java:174) - Using TestExecutionListeners: [org.springframework.test.context.web.ServletTestExecutionListener@38cee291, org.springframework.test.context.support.DirtiesContextBeforeModesTestExecutionListener@4b45a2f5, org.springframework.test.context.event.ApplicationEventsTestExecutionListener@f09733f, org.springframework.test.context.support.DependencyInjectionTestExecutionListener@e350b40, org.springframework.test.context.support.DirtiesContextTestExecutionListener@41a0aa7d, org.springframework.test.context.transaction.TransactionalTestExecutionListener@2794eab6, org.springframework.test.context.jdbc.SqlScriptsTestExecutionListener@6340e5f0, org.springframework.test.context.event.EventPublishingTestExecutionListener@45099dd3]
(ProfileValueUtils.java:70) - Retrieved @ProfileValueSourceConfiguration [null] for test class [com.pcwk.ehr.user.dao.UserMapperTest]
(ProfileValueUtils.java:83) - Retrieved ProfileValueSource type [class org.springframework.test.annotation.SystemProfileValueSource] for class [com.pcwk.ehr.user.dao.UserMapperTest]
(ProfileValueUtils.java:70) - Retrieved @ProfileValueSourceConfiguration [null] for test class [com.pcwk.ehr.user.dao.UserMapperTest]
(ProfileValueUtils.java:83) - Retrieved ProfileValueSource type [class org.springframework.test.annotation.SystemProfileValueSource] for class [com.pcwk.ehr.user.dao.UserMapperTest]
(ProfileValueUtils.java:70) - Retrieved @ProfileValueSourceConfiguration [null] for test class [com.pcwk.ehr.user.dao.UserMapperTest]
(ProfileValueUtils.java:83) - Retrieved ProfileValueSource type [class org.springframework.test.annotation.SystemProfileValueSource] for class [com.pcwk.ehr.user.dao.UserMapperTest]
(ProfileValueUtils.java:70) - Retrieved @ProfileValueSourceConfiguration [null] for test class [com.pcwk.ehr.user.dao.UserMapperTest]
(ProfileValueUtils.java:83) - Retrieved ProfileValueSource type [class org.springframework.test.annotation.SystemProfileValueSource] for class [com.pcwk.ehr.user.dao.UserMapperTest]
(ProfileValueUtils.java:70) - Retrieved @ProfileValueSourceConfiguration [null] for test class [com.pcwk.ehr.user.dao.UserMapperTest]
(ProfileValueUtils.java:83) - Retrieved ProfileValueSource type [class org.springframework.test.annotation.SystemProfileValueSource] for class [com.pcwk.ehr.user.dao.UserMapperTest]
(ProfileValueUtils.java:70) - Retrieved @ProfileValueSourceConfiguration [null] for test class [com.pcwk.ehr.user.dao.UserMapperTest]
(ProfileValueUtils.java:83) - Retrieved ProfileValueSource type [class org.springframework.test.annotation.SystemProfileValueSource] for class [com.pcwk.ehr.user.dao.UserMapperTest]
(AbstractDirtiesContextTestExecutionListener.java:143) - Before test class: context [DefaultTestContext@7f2cfe3f testClass = UserMapperTest, testInstance = [null], testMethod = [null], testException = [null], mergedContextConfiguration = [MergedContextConfiguration@1a5b6f42 testClass = UserMapperTest, locations = '{file:src/main/webapp/WEB-INF/spring/root-context.xml, file:src/main/webapp/WEB-INF/spring/appServlet/servlet-context.xml}', classes = '{}', contextInitializerClasses = '[]', activeProfiles = '{}', propertySourceLocations = '{}', propertySourceProperties = '{}', contextCustomizers = set[[empty]], contextLoader = 'org.springframework.test.context.support.DelegatingSmartContextLoader', parent = [null]], attributes = map[[empty]]], class annotated with @DirtiesContext [false] with mode [null].
(ProfileValueUtils.java:70) - Retrieved @ProfileValueSourceConfiguration [null] for test class [com.pcwk.ehr.user.dao.UserMapperTest]
(ProfileValueUtils.java:83) - Retrieved ProfileValueSource type [class org.springframework.test.annotation.SystemProfileValueSource] for class [com.pcwk.ehr.user.dao.UserMapperTest]
(DependencyInjectionTestExecutionListener.java:81) - Performing dependency injection for test context [[DefaultTestContext@7f2cfe3f testClass = UserMapperTest, testInstance = com.pcwk.ehr.user.dao.UserMapperTest@4b86805d, testMethod = [null], testException = [null], mergedContextConfiguration = [MergedContextConfiguration@1a5b6f42 testClass = UserMapperTest, locations = '{file:src/main/webapp/WEB-INF/spring/root-context.xml, file:src/main/webapp/WEB-INF/spring/appServlet/servlet-context.xml}', classes = '{}', contextInitializerClasses = '[]', activeProfiles = '{}', propertySourceLocations = '{}', propertySourceProperties = '{}', contextCustomizers = set[[empty]], contextLoader = 'org.springframework.test.context.support.DelegatingSmartContextLoader', parent = [null]], attributes = map['org.springframework.test.context.event.ApplicationEventsTestExecutionListener.recordApplicationEvents' -> false]]].
(AbstractDelegatingSmartContextLoader.java:274) - Delegating to GenericXmlContextLoader to load context from [MergedContextConfiguration@1a5b6f42 testClass = UserMapperTest, locations = '{file:src/main/webapp/WEB-INF/spring/root-context.xml, file:src/main/webapp/WEB-INF/spring/appServlet/servlet-context.xml}', classes = '{}', contextInitializerClasses = '[]', activeProfiles = '{}', propertySourceLocations = '{}', propertySourceProperties = '{}', contextCustomizers = set[[empty]], contextLoader = 'org.springframework.test.context.support.DelegatingSmartContextLoader', parent = [null]].
(AbstractGenericContextLoader.java:107) - Loading ApplicationContext for merged context configuration [[MergedContextConfiguration@1a5b6f42 testClass = UserMapperTest, locations = '{file:src/main/webapp/WEB-INF/spring/root-context.xml, file:src/main/webapp/WEB-INF/spring/appServlet/servlet-context.xml}', classes = '{}', contextInitializerClasses = '[]', activeProfiles = '{}', propertySourceLocations = '{}', propertySourceProperties = '{}', contextCustomizers = set[[empty]], contextLoader = 'org.springframework.test.context.support.DelegatingSmartContextLoader', parent = [null]]].
(AbstractEnvironment.java:302) - Activating profiles []
(XmlBeanDefinitionReader.java:393) - Loaded 17 bean definitions from URL [file:src/main/webapp/WEB-INF/spring/root-context.xml]
(ClassPathScanningCandidateComponentProvider.java:437) - Identified candidate component class: file [D:\01.JAVA\04.STS_WORKSPACE\sh16_web02\target\classes\com\pcwk\ehr\async\controller\AsyncController.class]
(ClassPathScanningCandidateComponentProvider.java:437) - Identified candidate component class: file [D:\01.JAVA\04.STS_WORKSPACE\sh16_web02\target\classes\com\pcwk\ehr\board\service\BoardServiceImpl.class]
(ClassPathScanningCandidateComponentProvider.java:437) - Identified candidate component class: file [D:\01.JAVA\04.STS_WORKSPACE\sh16_web02\target\classes\com\pcwk\ehr\code\service\CodeServiceImpl.class]
(ClassPathScanningCandidateComponentProvider.java:437) - Identified candidate component class: file [D:\01.JAVA\04.STS_WORKSPACE\sh16_web02\target\classes\com\pcwk\ehr\mymapper\dao\MyMapperJdbc.class]
(ClassPathScanningCandidateComponentProvider.java:437) - Identified candidate component class: file [D:\01.JAVA\04.STS_WORKSPACE\sh16_web02\target\classes\com\pcwk\ehr\naver\service\NaverServiceImpl.class]
(ClassPathScanningCandidateComponentProvider.java:437) - Identified candidate component class: file [D:\01.JAVA\04.STS_WORKSPACE\sh16_web02\target\classes\com\pcwk\ehr\sync\controller\SyncContrioller.class]
(ClassPathScanningCandidateComponentProvider.java:437) - Identified candidate component class: file [D:\01.JAVA\04.STS_WORKSPACE\sh16_web02\target\classes\com\pcwk\ehr\template\controller\BootStrapController.class]
(ClassPathScanningCandidateComponentProvider.java:437) - Identified candidate component class: file [D:\01.JAVA\04.STS_WORKSPACE\sh16_web02\target\classes\com\pcwk\ehr\user\controller\UserController.class]
(ClassPathScanningCandidateComponentProvider.java:437) - Identified candidate component class: file [D:\01.JAVA\04.STS_WORKSPACE\sh16_web02\target\classes\com\pcwk\ehr\user\service\UserServiceImpl.class]
(XmlBeanDefinitionReader.java:393) - Loaded 39 bean definitions from URL [file:src/main/webapp/WEB-INF/spring/appServlet/servlet-context.xml]
(DefaultSingletonBeanRegistry.java:225) - Creating shared instance of singleton bean 'org.springframework.context.annotation.internalConfigurationAnnotationProcessor'
(DefaultSingletonBeanRegistry.java:225) - Creating shared instance of singleton bean 'org.mybatis.spring.mapper.MapperScannerConfigurer#0'
(ClassPathScanningCandidateComponentProvider.java:437) - Identified candidate component class: file [D:\01.JAVA\04.STS_WORKSPACE\sh16_web02\target\classes\com\pcwk\ehr\mapper\BoardMapper.class]
(ClassPathScanningCandidateComponentProvider.java:437) - Identified candidate component class: file [D:\01.JAVA\04.STS_WORKSPACE\sh16_web02\target\classes\com\pcwk\ehr\mapper\CodeMapper.class]
(ClassPathScanningCandidateComponentProvider.java:437) - Identified candidate component class: file [D:\01.JAVA\04.STS_WORKSPACE\sh16_web02\target\classes\com\pcwk\ehr\mapper\UserMapper.class]
(DefaultSingletonBeanRegistry.java:225) - Creating shared instance of singleton bean 'org.springframework.context.event.internalEventListenerProcessor'
(DefaultSingletonBeanRegistry.java:225) - Creating shared instance of singleton bean 'org.springframework.transaction.config.internalTransactionalEventListenerFactory'
(DefaultSingletonBeanRegistry.java:225) - Creating shared instance of singleton bean 'org.springframework.context.event.internalEventListenerFactory'
(DefaultSingletonBeanRegistry.java:225) - Creating shared instance of singleton bean 'org.springframework.context.annotation.internalAutowiredAnnotationProcessor'
(DefaultSingletonBeanRegistry.java:225) - Creating shared instance of singleton bean 'org.springframework.context.annotation.internalCommonAnnotationProcessor'
(DefaultSingletonBeanRegistry.java:225) - Creating shared instance of singleton bean 'org.springframework.aop.config.internalAutoProxyCreator'
(DefaultSingletonBeanRegistry.java:225) - Creating shared instance of singleton bean 'jdbcTemplate'
(DefaultSingletonBeanRegistry.java:225) - Creating shared instance of singleton bean 'org.springframework.aop.support.DefaultBeanFactoryPointcutAdvisor#0'
(DefaultSingletonBeanRegistry.java:225) - Creating shared instance of singleton bean 'org.springframework.transaction.config.internalTransactionAdvisor'
(DefaultSingletonBeanRegistry.java:225) - Creating shared instance of singleton bean 'org.springframework.transaction.annotation.AnnotationTransactionAttributeSource#0'
(DefaultSingletonBeanRegistry.java:225) - Creating shared instance of singleton bean 'dataSource'
(Log4j2SpyLogDelegator.java:372) - log4jdbc-logj2 properties initialization...
(Log4j2SpyLogDelegator.java:372) - Using logger: null
(Log4j2SpyLogDelegator.java:372) - x log4jdbc.debug.stack.prefix is not defined
(Log4j2SpyLogDelegator.java:372) - x log4jdbc.sqltiming.warn.threshold is not defined
(Log4j2SpyLogDelegator.java:372) - x log4jdbc.sqltiming.error.threshold is not defined
(Log4j2SpyLogDelegator.java:372) - x log4jdbc.dump.booleanastruefalse is not defined (using default value false)
(Log4j2SpyLogDelegator.java:372) - x log4jdbc.dump.sql.maxlinelength is not defined (using default of 90)
(Log4j2SpyLogDelegator.java:372) - x log4jdbc.dump.fulldebugstacktrace is not defined (using default value false)
(Log4j2SpyLogDelegator.java:372) - x log4jdbc.statement.warn is not defined (using default value false)
(Log4j2SpyLogDelegator.java:372) - x log4jdbc.dump.sql.select is not defined (using default value true)
(Log4j2SpyLogDelegator.java:372) - x log4jdbc.dump.sql.insert is not defined (using default value true)
(Log4j2SpyLogDelegator.java:372) - x log4jdbc.dump.sql.update is not defined (using default value true)
(Log4j2SpyLogDelegator.java:372) - x log4jdbc.dump.sql.delete is not defined (using default value true)
(Log4j2SpyLogDelegator.java:372) - x log4jdbc.dump.sql.create is not defined (using default value true)
(Log4j2SpyLogDelegator.java:372) - x log4jdbc.dump.sql.addsemicolon is not defined (using default value false)
(Log4j2SpyLogDelegator.java:372) - x log4jdbc.auto.load.popular.drivers is not defined (using default value true)
(Log4j2SpyLogDelegator.java:372) - x log4jdbc.drivers is not defined
(Log4j2SpyLogDelegator.java:372) - x log4jdbc.trim.sql is not defined (using default value true)
(Log4j2SpyLogDelegator.java:372) - x log4jdbc.trim.sql.extrablanklines is not defined (using default value true)
(Log4j2SpyLogDelegator.java:372) - x log4jdbc.suppress.generated.keys.exception is not defined (using default value false)
(Log4j2SpyLogDelegator.java:372) - log4jdbc-logj2 properties initialization done.
(Log4j2SpyLogDelegator.java:372) - DriverSpy intialization...
(Log4j2SpyLogDelegator.java:372) -   FOUND DRIVER oracle.jdbc.OracleDriver
(Log4j2SpyLogDelegator.java:372) -   FOUND DRIVER oracle.jdbc.driver.OracleDriver
(Log4j2SpyLogDelegator.java:372) - DriverSpy intialization done.
(DefaultSingletonBeanRegistry.java:225) - Creating shared instance of singleton bean 'sqlSessionTemplate'
(DefaultSingletonBeanRegistry.java:225) - Creating shared instance of singleton bean 'sqlSessionFactoryBean'
(LogFactory.java:109) - Logging initialized using 'class org.apache.ibatis.logging.log4j2.Log4j2Impl' adapter.
(DefaultSingletonBeanRegistry.java:225) - Creating shared instance of singleton bean 'txAdvice'
(DefaultSingletonBeanRegistry.java:225) - Creating shared instance of singleton bean 'transactionManager'
(NameMatchTransactionAttributeSource.java:102) - Adding transactional method [*Tx] with attribute [PROPAGATION_REQUIRED,ISOLATION_DEFAULT,-Exception]
(NameMatchTransactionAttributeSource.java:102) - Adding transactional method [*] with attribute [PROPAGATION_REQUIRED,ISOLATION_DEFAULT,readOnly]
(DefaultSingletonBeanRegistry.java:225) - Creating shared instance of singleton bean 'org.springframework.transaction.interceptor.TransactionInterceptor#0'
(DefaultSingletonBeanRegistry.java:225) - Creating shared instance of singleton bean 'dummyMailService'
(DefaultSingletonBeanRegistry.java:225) - Creating shared instance of singleton bean 'mailSenderImpl'
(DefaultSingletonBeanRegistry.java:225) - Creating shared instance of singleton bean 'testUserService'
(DefaultSingletonBeanRegistry.java:225) - Creating shared instance of singleton bean 'userMapper'
(DefaultSingletonBeanRegistry.java:225) - Creating shared instance of singleton bean 'mvcContentNegotiationManager'
(DefaultSingletonBeanRegistry.java:225) - Creating shared instance of singleton bean 'org.springframework.web.servlet.mvc.method.annotation.RequestMappingHandlerMapping'
(DefaultSingletonBeanRegistry.java:225) - Creating shared instance of singleton bean 'mvcCorsConfigurations'
(DefaultSingletonBeanRegistry.java:225) - Creating shared instance of singleton bean 'org.springframework.web.servlet.handler.MappedInterceptor#0'
(DefaultSingletonBeanRegistry.java:225) - Creating shared instance of singleton bean 'org.springframework.format.support.FormattingConversionServiceFactoryBean#0'
(DefaultSingletonBeanRegistry.java:225) - Creating shared instance of singleton bean 'org.springframework.web.servlet.handler.MappedInterceptor#1'
(AbstractHandlerMethodMapping.java:367) - 13 mappings in 'org.springframework.web.servlet.mvc.method.annotation.RequestMappingHandlerMapping'
(DefaultSingletonBeanRegistry.java:225) - Creating shared instance of singleton bean 'org.springframework.web.servlet.mvc.method.annotation.RequestMappingHandlerAdapter'
(RequestMappingHandlerAdapter.java:623) - ControllerAdvice beans: none
(DefaultSingletonBeanRegistry.java:225) - Creating shared instance of singleton bean 'mvcUriComponentsContributor'
(RequestMappingHandlerAdapter.java:623) - ControllerAdvice beans: none
(DefaultSingletonBeanRegistry.java:225) - Creating shared instance of singleton bean 'org.springframework.web.servlet.mvc.method.annotation.ExceptionHandlerExceptionResolver#0'
(ExceptionHandlerExceptionResolver.java:304) - ControllerAdvice beans: none
(DefaultSingletonBeanRegistry.java:225) - Creating shared instance of singleton bean 'org.springframework.web.servlet.mvc.annotation.ResponseStatusExceptionResolver#0'
(DefaultSingletonBeanRegistry.java:225) - Creating shared instance of singleton bean 'org.springframework.web.servlet.mvc.support.DefaultHandlerExceptionResolver#0'
(DefaultSingletonBeanRegistry.java:225) - Creating shared instance of singleton bean 'org.springframework.web.servlet.handler.BeanNameUrlHandlerMapping'
(AbstractDetectingUrlHandlerMapping.java:86) - 'org.springframework.web.servlet.handler.BeanNameUrlHandlerMapping' {}
(DefaultSingletonBeanRegistry.java:225) - Creating shared instance of singleton bean 'org.springframework.web.servlet.mvc.HttpRequestHandlerAdapter'
(DefaultSingletonBeanRegistry.java:225) - Creating shared instance of singleton bean 'org.springframework.web.servlet.mvc.SimpleControllerHandlerAdapter'
(DefaultSingletonBeanRegistry.java:225) - Creating shared instance of singleton bean 'localeResolver'
(DefaultSingletonBeanRegistry.java:225) - Creating shared instance of singleton bean 'themeResolver'
(DefaultSingletonBeanRegistry.java:225) - Creating shared instance of singleton bean 'viewNameTranslator'
(DefaultSingletonBeanRegistry.java:225) - Creating shared instance of singleton bean 'flashMapManager'
(DefaultSingletonBeanRegistry.java:225) - Creating shared instance of singleton bean 'mvcResourceUrlProvider'
(DefaultSingletonBeanRegistry.java:225) - Creating shared instance of singleton bean 'mvcPathMatcher'
(DefaultSingletonBeanRegistry.java:225) - Creating shared instance of singleton bean 'mvcUrlPathHelper'
(DefaultSingletonBeanRegistry.java:225) - Creating shared instance of singleton bean 'org.springframework.web.servlet.resource.ResourceHttpRequestHandler#0'
(DefaultSingletonBeanRegistry.java:225) - Creating shared instance of singleton bean 'org.springframework.web.servlet.handler.SimpleUrlHandlerMapping#0'
(SimpleUrlHandlerMapping.java:177) - 'org.springframework.web.servlet.handler.SimpleUrlHandlerMapping#0' {/resources/**=ResourceHttpRequestHandler [classpath [resources/]]}
(DefaultSingletonBeanRegistry.java:225) - Creating shared instance of singleton bean 'org.springframework.web.servlet.view.InternalResourceViewResolver#0'
(DefaultSingletonBeanRegistry.java:225) - Creating shared instance of singleton bean 'asyncController'
(AsyncController.java:19) - ┌──────────────────────────────┐
(AsyncController.java:20) - │ AsyncController()            │
(AsyncController.java:21) - └──────────────────────────────┘
(DefaultSingletonBeanRegistry.java:225) - Creating shared instance of singleton bean 'boardServiceImpl'
(DefaultSingletonBeanRegistry.java:225) - Creating shared instance of singleton bean 'boardMapper'
(DefaultSingletonBeanRegistry.java:225) - Creating shared instance of singleton bean 'codeServiceImpl'
(CodeServiceImpl.java:40) - ┌───────────────────────────┐
(CodeServiceImpl.java:41) - │ CodeServiceImpl()         │
(CodeServiceImpl.java:42) - └───────────────────────────┘
(DefaultSingletonBeanRegistry.java:225) - Creating shared instance of singleton bean 'codeMapper'
(DefaultSingletonBeanRegistry.java:225) - Creating shared instance of singleton bean 'myMapperJdbc'
(DefaultSingletonBeanRegistry.java:225) - Creating shared instance of singleton bean 'naverServiceImpl'
(DefaultSingletonBeanRegistry.java:225) - Creating shared instance of singleton bean 'syncContrioller'
(SyncContrioller.java:19) - ┌──────────────────────────────┐
(SyncContrioller.java:20) - │ SyncContrioller()            │
(SyncContrioller.java:21) - └──────────────────────────────┘
(DefaultSingletonBeanRegistry.java:225) - Creating shared instance of singleton bean 'bootStrapController'
(BootStrapController.java:34) - ┌───────────────────────────┐
(BootStrapController.java:35) - │ BootStrapController()     │
(BootStrapController.java:36) - └───────────────────────────┘
(DefaultSingletonBeanRegistry.java:225) - Creating shared instance of singleton bean 'userController'
(UserController.java:38) - ┌───────────────────────────┐
(UserController.java:39) - │ UserController()          │
(UserController.java:40) - └───────────────────────────┘
(DefaultSingletonBeanRegistry.java:225) - Creating shared instance of singleton bean 'userServiceImpl'
(DefaultCacheAwareContextLoaderDelegate.java:92) - Storing ApplicationContext [516537656] in cache under key [[MergedContextConfiguration@1a5b6f42 testClass = UserMapperTest, locations = '{file:src/main/webapp/WEB-INF/spring/root-context.xml, file:src/main/webapp/WEB-INF/spring/appServlet/servlet-context.xml}', classes = '{}', contextInitializerClasses = '[]', activeProfiles = '{}', propertySourceLocations = '{}', propertySourceProperties = '{}', contextCustomizers = set[[empty]], contextLoader = 'org.springframework.test.context.support.DelegatingSmartContextLoader', parent = [null]]]
(DefaultContextCache.java:290) - Spring test ApplicationContext cache statistics: [DefaultContextCache@7a1f8def size = 1, maxSize = 32, parentContextCount = 0, hitCount = 0, missCount = 1]
(DefaultCacheAwareContextLoaderDelegate.java:103) - Retrieved ApplicationContext [516537656] from cache with key [[MergedContextConfiguration@1a5b6f42 testClass = UserMapperTest, locations = '{file:src/main/webapp/WEB-INF/spring/root-context.xml, file:src/main/webapp/WEB-INF/spring/appServlet/servlet-context.xml}', classes = '{}', contextInitializerClasses = '[]', activeProfiles = '{}', propertySourceLocations = '{}', propertySourceProperties = '{}', contextCustomizers = set[[empty]], contextLoader = 'org.springframework.test.context.support.DelegatingSmartContextLoader', parent = [null]]]
(DefaultContextCache.java:290) - Spring test ApplicationContext cache statistics: [DefaultContextCache@7a1f8def size = 1, maxSize = 32, parentContextCount = 0, hitCount = 1, missCount = 1]
(AbstractDirtiesContextTestExecutionListener.java:108) - Before test method: context [DefaultTestContext@7f2cfe3f testClass = UserMapperTest, testInstance = com.pcwk.ehr.user.dao.UserMapperTest@4b86805d, testMethod = doRetrieve@UserMapperTest, testException = [null], mergedContextConfiguration = [MergedContextConfiguration@1a5b6f42 testClass = UserMapperTest, locations = '{file:src/main/webapp/WEB-INF/spring/root-context.xml, file:src/main/webapp/WEB-INF/spring/appServlet/servlet-context.xml}', classes = '{}', contextInitializerClasses = '[]', activeProfiles = '{}', propertySourceLocations = '{}', propertySourceProperties = '{}', contextCustomizers = set[[empty]], contextLoader = 'org.springframework.test.context.support.DelegatingSmartContextLoader', parent = [null]], attributes = map['org.springframework.test.context.event.ApplicationEventsTestExecutionListener.recordApplicationEvents' -> false]], class annotated with @DirtiesContext [false] with mode [null], method annotated with @DirtiesContext [false] with mode [null].
(DefaultCacheAwareContextLoaderDelegate.java:103) - Retrieved ApplicationContext [516537656] from cache with key [[MergedContextConfiguration@1a5b6f42 testClass = UserMapperTest, locations = '{file:src/main/webapp/WEB-INF/spring/root-context.xml, file:src/main/webapp/WEB-INF/spring/appServlet/servlet-context.xml}', classes = '{}', contextInitializerClasses = '[]', activeProfiles = '{}', propertySourceLocations = '{}', propertySourceProperties = '{}', contextCustomizers = set[[empty]], contextLoader = 'org.springframework.test.context.support.DelegatingSmartContextLoader', parent = [null]]]
(DefaultContextCache.java:290) - Spring test ApplicationContext cache statistics: [DefaultContextCache@7a1f8def size = 1, maxSize = 32, parentContextCount = 0, hitCount = 2, missCount = 1]
(UserMapperTest.java:46) - ┌──────────────────────────────┐
(UserMapperTest.java:47) - │ setUp()                      │
(UserMapperTest.java:48) - └──────────────────────────────┘
(Logger.java:49) - Creating a new SqlSession
(Logger.java:49) - SqlSession [org.apache.ibatis.session.defaults.DefaultSqlSession@128c502c] was not registered for synchronization because synchronization is not active
(DataSourceUtils.java:117) - Fetching JDBC Connection from DataSource
(Log4j2SpyLogDelegator.java:365) -  com.zaxxer.hikari.util.DriverDataSource.getConnection(DriverDataSource.java:138)
1. Connection opened. {executed in 294ms} 
open connections:  1 (1)
(Log4j2SpyLogDelegator.java:197) -  com.zaxxer.hikari.util.DriverDataSource.getConnection(DriverDataSource.java:138)
1. Connection.new Connection returned 
(Log4j2SpyLogDelegator.java:197) -  com.zaxxer.hikari.pool.PoolBase.setupConnection(PoolBase.java:408)
1. Connection.isReadOnly() returned false
(Log4j2SpyLogDelegator.java:197) -  com.zaxxer.hikari.pool.PoolBase.setupConnection(PoolBase.java:412)
1. Connection.getAutoCommit() returned true
(Log4j2SpyLogDelegator.java:197) -  com.zaxxer.hikari.pool.PoolBase.checkValidationSupport(PoolBase.java:464)
1. Connection.isValid(1) returned true
(Log4j2SpyLogDelegator.java:197) -  com.zaxxer.hikari.pool.PoolBase.checkDefaultIsolation(PoolBase.java:485)
1. Connection.getTransactionIsolation() returned 2
(Log4j2SpyLogDelegator.java:197) -  com.zaxxer.hikari.pool.HikariProxyConnection.getAutoCommit(HikariProxyConnection.java:-1)
1. Connection.getAutoCommit() returned true
(Logger.java:49) - JDBC Connection [HikariProxyConnection@1091597918 wrapping net.sf.log4jdbc.sql.jdbcapi.ConnectionSpy@60cf62ad] will not be managed by Spring
(BaseJdbcLogger.java:137) - ==>  Preparing: DELETE FROM member
(Log4j2SpyLogDelegator.java:197) -  com.zaxxer.hikari.pool.ProxyConnection.prepareStatement(ProxyConnection.java:337)
1. PreparedStatement.new PreparedStatement returned 
(Log4j2SpyLogDelegator.java:197) -  com.zaxxer.hikari.pool.ProxyConnection.prepareStatement(ProxyConnection.java:337)
1. Connection.prepareStatement(DELETE FROM member) returned net.sf.log4jdbc.sql.jdbcapi.PreparedStatementSpy@350d3f4d
(BaseJdbcLogger.java:137) - ==> Parameters: 
(Log4j2SpyLogDelegator.java:243) -  com.zaxxer.hikari.pool.ProxyPreparedStatement.execute(ProxyPreparedStatement.java:44)
1. DELETE FROM member  {executed in 6 ms}
(Log4j2SpyLogDelegator.java:197) -  com.zaxxer.hikari.pool.ProxyPreparedStatement.execute(ProxyPreparedStatement.java:44)
1. PreparedStatement.execute() returned false
(Log4j2SpyLogDelegator.java:197) -  com.zaxxer.hikari.pool.HikariProxyPreparedStatement.getUpdateCount(HikariProxyPreparedStatement.java:-1)
1. PreparedStatement.getUpdateCount() returned 1
(BaseJdbcLogger.java:137) - <==    Updates: 1
(Log4j2SpyLogDelegator.java:197) -  com.zaxxer.hikari.pool.ProxyStatement.close(ProxyStatement.java:75)
1. PreparedStatement.close() returned 
(Logger.java:49) - Closing non transactional SqlSession [org.apache.ibatis.session.defaults.DefaultSqlSession@128c502c]
(Log4j2SpyLogDelegator.java:197) -  com.zaxxer.hikari.pool.ProxyConnection.close(ProxyConnection.java:267)
1. Connection.clearWarnings() returned 
(DefaultCacheAwareContextLoaderDelegate.java:103) - Retrieved ApplicationContext [516537656] from cache with key [[MergedContextConfiguration@1a5b6f42 testClass = UserMapperTest, locations = '{file:src/main/webapp/WEB-INF/spring/root-context.xml, file:src/main/webapp/WEB-INF/spring/appServlet/servlet-context.xml}', classes = '{}', contextInitializerClasses = '[]', activeProfiles = '{}', propertySourceLocations = '{}', propertySourceProperties = '{}', contextCustomizers = set[[empty]], contextLoader = 'org.springframework.test.context.support.DelegatingSmartContextLoader', parent = [null]]]
(DefaultContextCache.java:290) - Spring test ApplicationContext cache statistics: [DefaultContextCache@7a1f8def size = 1, maxSize = 32, parentContextCount = 0, hitCount = 3, missCount = 1]
(Logger.java:49) - Creating a new SqlSession
(Logger.java:49) - SqlSession [org.apache.ibatis.session.defaults.DefaultSqlSession@68b9834c] was not registered for synchronization because synchronization is not active
(DataSourceUtils.java:117) - Fetching JDBC Connection from DataSource
(Log4j2SpyLogDelegator.java:197) -  com.zaxxer.hikari.pool.HikariProxyConnection.getAutoCommit(HikariProxyConnection.java:-1)
1. Connection.getAutoCommit() returned true
(Logger.java:49) - JDBC Connection [HikariProxyConnection@549049813 wrapping net.sf.log4jdbc.sql.jdbcapi.ConnectionSpy@60cf62ad] will not be managed by Spring
(BaseJdbcLogger.java:137) - ==>  Preparing: DELETE FROM member
(Log4j2SpyLogDelegator.java:197) -  com.zaxxer.hikari.pool.ProxyConnection.prepareStatement(ProxyConnection.java:337)
1. PreparedStatement.new PreparedStatement returned 
(Log4j2SpyLogDelegator.java:197) -  com.zaxxer.hikari.pool.ProxyConnection.prepareStatement(ProxyConnection.java:337)
1. Connection.prepareStatement(DELETE FROM member) returned net.sf.log4jdbc.sql.jdbcapi.PreparedStatementSpy@671d1157
(BaseJdbcLogger.java:137) - ==> Parameters: 
(Log4j2SpyLogDelegator.java:243) -  com.zaxxer.hikari.pool.ProxyPreparedStatement.execute(ProxyPreparedStatement.java:44)
1. DELETE FROM member  {executed in 0 ms}
(Log4j2SpyLogDelegator.java:197) -  com.zaxxer.hikari.pool.ProxyPreparedStatement.execute(ProxyPreparedStatement.java:44)
1. PreparedStatement.execute() returned false
(Log4j2SpyLogDelegator.java:197) -  com.zaxxer.hikari.pool.HikariProxyPreparedStatement.getUpdateCount(HikariProxyPreparedStatement.java:-1)
1. PreparedStatement.getUpdateCount() returned 0
(BaseJdbcLogger.java:137) - <==    Updates: 0
(Log4j2SpyLogDelegator.java:197) -  com.zaxxer.hikari.pool.ProxyStatement.close(ProxyStatement.java:75)
1. PreparedStatement.close() returned 
(Logger.java:49) - Closing non transactional SqlSession [org.apache.ibatis.session.defaults.DefaultSqlSession@68b9834c]
(Log4j2SpyLogDelegator.java:197) -  com.zaxxer.hikari.pool.ProxyConnection.close(ProxyConnection.java:267)
1. Connection.clearWarnings() returned 
(Logger.java:49) - Creating a new SqlSession
(Logger.java:49) - SqlSession [org.apache.ibatis.session.defaults.DefaultSqlSession@60c8a093] was not registered for synchronization because synchronization is not active
(DataSourceUtils.java:117) - Fetching JDBC Connection from DataSource
(Log4j2SpyLogDelegator.java:197) -  com.zaxxer.hikari.pool.HikariProxyConnection.getAutoCommit(HikariProxyConnection.java:-1)
1. Connection.getAutoCommit() returned true
(Logger.java:49) - JDBC Connection [HikariProxyConnection@1154481189 wrapping net.sf.log4jdbc.sql.jdbcapi.ConnectionSpy@60cf62ad] will not be managed by Spring
(BaseJdbcLogger.java:137) - ==>  Preparing: INSERT INTO member SELECT 'rogan_'||LPAD(rownum,7,0), '상무'||LPAD(rownum,7,0), '4321', TO_CHAR(SYSDATE-ROWNUM/24,'YYYY/MM/DD'), DECODE(MOD(rownum,2),1,1,2), DECODE(MOD(rownum,10),0,9,1), DECODE(MOD(rownum,100),0,9,1), 'ddswlstj'||LPAD(rownum,7,0)||'@naver.com', SYSDATE-ROWNUM/24 FROM dual CONNECT BY LEVEL <=101
(Log4j2SpyLogDelegator.java:197) -  com.zaxxer.hikari.pool.ProxyConnection.prepareStatement(ProxyConnection.java:337)
1. PreparedStatement.new PreparedStatement returned 
(Log4j2SpyLogDelegator.java:197) -  com.zaxxer.hikari.pool.ProxyConnection.prepareStatement(ProxyConnection.java:337)
1. Connection.prepareStatement(INSERT INTO member
        SELECT 'rogan_'||LPAD(rownum,7,0),
               '상무'||LPAD(rownum,7,0),
               '4321',
               TO_CHAR(SYSDATE-ROWNUM/24,'YYYY/MM/DD'),
               DECODE(MOD(rownum,2),1,1,2),
               DECODE(MOD(rownum,10),0,9,1),
               DECODE(MOD(rownum,100),0,9,1),
               'ddswlstj'||LPAD(rownum,7,0)||'@naver.com',
                SYSDATE-ROWNUM/24
        FROM dual
      CONNECT BY LEVEL  <=101) returned net.sf.log4jdbc.sql.jdbcapi.PreparedStatementSpy@2a369e14
(BaseJdbcLogger.java:137) - ==> Parameters: 
(Log4j2SpyLogDelegator.java:243) -  com.zaxxer.hikari.pool.ProxyPreparedStatement.execute(ProxyPreparedStatement.java:44)
1. INSERT INTO member SELECT 'rogan_'||LPAD(rownum,7,0), '상무'||LPAD(rownum,7,0), '4321', TO_CHAR(SYSDATE-ROWNUM/24,'YYYY/MM/DD'), 
DECODE(MOD(rownum,2),1,1,2), DECODE(MOD(rownum,10),0,9,1), DECODE(MOD(rownum,100),0,9,1), 'ddswlstj'||LPAD(rownum,7,0)||'@naver.com', 
SYSDATE-ROWNUM/24 FROM dual CONNECT BY LEVEL <=101  {executed in 3 ms}
(Log4j2SpyLogDelegator.java:197) -  com.zaxxer.hikari.pool.ProxyPreparedStatement.execute(ProxyPreparedStatement.java:44)
1. PreparedStatement.execute() returned false
(Log4j2SpyLogDelegator.java:197) -  com.zaxxer.hikari.pool.HikariProxyPreparedStatement.getUpdateCount(HikariProxyPreparedStatement.java:-1)
1. PreparedStatement.getUpdateCount() returned 101
(BaseJdbcLogger.java:137) - <==    Updates: 101
(Log4j2SpyLogDelegator.java:197) -  com.zaxxer.hikari.pool.ProxyStatement.close(ProxyStatement.java:75)
1. PreparedStatement.close() returned 
(Logger.java:49) - Closing non transactional SqlSession [org.apache.ibatis.session.defaults.DefaultSqlSession@60c8a093]
(Log4j2SpyLogDelegator.java:197) -  com.zaxxer.hikari.pool.ProxyConnection.close(ProxyConnection.java:267)
1. Connection.clearWarnings() returned 
(DefaultCacheAwareContextLoaderDelegate.java:103) - Retrieved ApplicationContext [516537656] from cache with key [[MergedContextConfiguration@1a5b6f42 testClass = UserMapperTest, locations = '{file:src/main/webapp/WEB-INF/spring/root-context.xml, file:src/main/webapp/WEB-INF/spring/appServlet/servlet-context.xml}', classes = '{}', contextInitializerClasses = '[]', activeProfiles = '{}', propertySourceLocations = '{}', propertySourceProperties = '{}', contextCustomizers = set[[empty]], contextLoader = 'org.springframework.test.context.support.DelegatingSmartContextLoader', parent = [null]]]
(DefaultContextCache.java:290) - Spring test ApplicationContext cache statistics: [DefaultContextCache@7a1f8def size = 1, maxSize = 32, parentContextCount = 0, hitCount = 4, missCount = 1]
(UserMapperTest.java:197) - ┌──────────────────────────────┐
(UserMapperTest.java:198) - │ tearDown()                   │
(UserMapperTest.java:199) - └──────────────────────────────┘
(DefaultCacheAwareContextLoaderDelegate.java:103) - Retrieved ApplicationContext [516537656] from cache with key [[MergedContextConfiguration@1a5b6f42 testClass = UserMapperTest, locations = '{file:src/main/webapp/WEB-INF/spring/root-context.xml, file:src/main/webapp/WEB-INF/spring/appServlet/servlet-context.xml}', classes = '{}', contextInitializerClasses = '[]', activeProfiles = '{}', propertySourceLocations = '{}', propertySourceProperties = '{}', contextCustomizers = set[[empty]], contextLoader = 'org.springframework.test.context.support.DelegatingSmartContextLoader', parent = [null]]]
(DefaultContextCache.java:290) - Spring test ApplicationContext cache statistics: [DefaultContextCache@7a1f8def size = 1, maxSize = 32, parentContextCount = 0, hitCount = 5, missCount = 1]
(AbstractDirtiesContextTestExecutionListener.java:108) - After test method: context [DefaultTestContext@7f2cfe3f testClass = UserMapperTest, testInstance = com.pcwk.ehr.user.dao.UserMapperTest@4b86805d, testMethod = doRetrieve@UserMapperTest, testException = [null], mergedContextConfiguration = [MergedContextConfiguration@1a5b6f42 testClass = UserMapperTest, locations = '{file:src/main/webapp/WEB-INF/spring/root-context.xml, file:src/main/webapp/WEB-INF/spring/appServlet/servlet-context.xml}', classes = '{}', contextInitializerClasses = '[]', activeProfiles = '{}', propertySourceLocations = '{}', propertySourceProperties = '{}', contextCustomizers = set[[empty]], contextLoader = 'org.springframework.test.context.support.DelegatingSmartContextLoader', parent = [null]], attributes = map['org.springframework.test.context.event.ApplicationEventsTestExecutionListener.recordApplicationEvents' -> false]], class annotated with @DirtiesContext [false] with mode [null], method annotated with @DirtiesContext [false] with mode [null].
(DefaultCacheAwareContextLoaderDelegate.java:103) - Retrieved ApplicationContext [516537656] from cache with key [[MergedContextConfiguration@1a5b6f42 testClass = UserMapperTest, locations = '{file:src/main/webapp/WEB-INF/spring/root-context.xml, file:src/main/webapp/WEB-INF/spring/appServlet/servlet-context.xml}', classes = '{}', contextInitializerClasses = '[]', activeProfiles = '{}', propertySourceLocations = '{}', propertySourceProperties = '{}', contextCustomizers = set[[empty]], contextLoader = 'org.springframework.test.context.support.DelegatingSmartContextLoader', parent = [null]]]
(DefaultContextCache.java:290) - Spring test ApplicationContext cache statistics: [DefaultContextCache@7a1f8def size = 1, maxSize = 32, parentContextCount = 0, hitCount = 6, missCount = 1]
(AbstractDirtiesContextTestExecutionListener.java:143) - After test class: context [DefaultTestContext@7f2cfe3f testClass = UserMapperTest, testInstance = [null], testMethod = [null], testException = [null], mergedContextConfiguration = [MergedContextConfiguration@1a5b6f42 testClass = UserMapperTest, locations = '{file:src/main/webapp/WEB-INF/spring/root-context.xml, file:src/main/webapp/WEB-INF/spring/appServlet/servlet-context.xml}', classes = '{}', contextInitializerClasses = '[]', activeProfiles = '{}', propertySourceLocations = '{}', propertySourceProperties = '{}', contextCustomizers = set[[empty]], contextLoader = 'org.springframework.test.context.support.DelegatingSmartContextLoader', parent = [null]], attributes = map['org.springframework.test.context.event.ApplicationEventsTestExecutionListener.recordApplicationEvents' -> false]], class annotated with @DirtiesContext [false] with mode [null].
(AbstractApplicationContext.java:1063) - Closing org.springframework.context.support.GenericApplicationContext@1ec9bd38, started on Mon Jul 22 10:35:50 GMT+09:00 2024
(Log4j2SpyLogDelegator.java:365) -  com.zaxxer.hikari.pool.PoolBase.quietlyCloseConnection(PoolBase.java:143)
1. Connection closed. {executed in 1ms} 
open connections:  none
(Log4j2SpyLogDelegator.java:197) -  com.zaxxer.hikari.pool.PoolBase.quietlyCloseConnection(PoolBase.java:143)
1. Connection.close() returned 
